<?xml version="1.0" encoding="UTF-8"?>
<!-- Generated by org.testng.reporters.JUnitXMLReporter -->
<testsuite ignored="0" hostname="DESKTOP-QLMCBTG" failures="0" tests="3" name="Default test" time="4.464" errors="0" timestamp="2024-04-29T16:46:25 IST">
  <testcase classname="Basics.DynamicJson" name="addBook" time="3.944"/>
  <testcase classname="Basics.DynamicJson" name="addBook" time="0.24"/>
  <testcase classname="Basics.DynamicJson" name="addBook" time="0.174"/>
</testsuite> <!-- Default test -->
