<?xml version="1.0" encoding="UTF-8"?>
<testng-results ignored="0" total="1" passed="1" failed="0" skipped="0">
  <reporter-output>
  </reporter-output>
  <suite started-at="2024-04-22T15:27:41 IST" name="Surefire suite" finished-at="2024-04-22T15:27:44 IST" duration-ms="3371">
    <groups>
    </groups>
    <test started-at="2024-04-22T15:27:41 IST" name="Surefire test" finished-at="2024-04-22T15:27:44 IST" duration-ms="3371">
      <class name="Basics.Build_Rest_Api_Automation_Test">
        <test-method signature="restapi()[pri:0, instance:Basics.Build_Rest_Api_Automation_Test@4c15e7fd]" started-at="2024-04-22T15:27:41 IST" name="restapi" finished-at="2024-04-22T15:27:44 IST" duration-ms="3305" status="PASS">
          <reporter-output>
          </reporter-output>
        </test-method> <!-- restapi -->
      </class> <!-- Basics.Build_Rest_Api_Automation_Test -->
    </test> <!-- Surefire test -->
  </suite> <!-- Surefire suite -->
</testng-results>
