<?xml version="1.0" encoding="UTF-8"?>
<testng-results ignored="0" total="3" passed="3" failed="0" skipped="0">
  <reporter-output>
  </reporter-output>
  <suite started-at="2024-04-29T16:46:20 IST" name="Default suite" finished-at="2024-04-29T16:46:25 IST" duration-ms="4464">
    <groups>
    </groups>
    <test started-at="2024-04-29T16:46:20 IST" name="Default test" finished-at="2024-04-29T16:46:25 IST" duration-ms="4464">
      <class name="Basics.DynamicJson">
        <test-method signature="addBook(java.lang.String,java.lang.String)[pri:0, instance:Basics.DynamicJson@1530c739]" started-at="2024-04-29T16:46:20 IST" name="addBook" data-provider="BookData" finished-at="2024-04-29T16:46:24 IST" duration-ms="3944" status="PASS">
          <params>
            <param index="0">
              <value>
                <![CDATA[osdkj]]>
              </value>
            </param>
            <param index="1">
              <value>
                <![CDATA[7878]]>
              </value>
            </param>
          </params>
          <reporter-output>
          </reporter-output>
        </test-method> <!-- addBook -->
        <test-method signature="addBook(java.lang.String,java.lang.String)[pri:0, instance:Basics.DynamicJson@1530c739]" started-at="2024-04-29T16:46:24 IST" name="addBook" data-provider="BookData" finished-at="2024-04-29T16:46:25 IST" duration-ms="240" status="PASS">
          <params>
            <param index="0">
              <value>
                <![CDATA[djsds]]>
              </value>
            </param>
            <param index="1">
              <value>
                <![CDATA[3909]]>
              </value>
            </param>
          </params>
          <reporter-output>
          </reporter-output>
        </test-method> <!-- addBook -->
        <test-method signature="addBook(java.lang.String,java.lang.String)[pri:0, instance:Basics.DynamicJson@1530c739]" started-at="2024-04-29T16:46:25 IST" name="addBook" data-provider="BookData" finished-at="2024-04-29T16:46:25 IST" duration-ms="174" status="PASS">
          <params>
            <param index="0">
              <value>
                <![CDATA[edhe]]>
              </value>
            </param>
            <param index="1">
              <value>
                <![CDATA[323]]>
              </value>
            </param>
          </params>
          <reporter-output>
          </reporter-output>
        </test-method> <!-- addBook -->
      </class> <!-- Basics.DynamicJson -->
    </test> <!-- Default test -->
  </suite> <!-- Default suite -->
</testng-results>
